<?xml version="1.0" encoding="UTF-8"?>
<!-- Generated by org.testng.reporters.JUnitXMLReporter -->
<testsuite ignored="0" hostname="aditya" failures="0" tests="3" name="Default test" time="76.677" errors="0" timestamp="2022-05-28T21:23:21 EDT">
  <testcase classname="tests.LoginPractice1" name="incorrectusernameandpassword" time="11.252"/>
  <testcase classname="tests.LoginPractice1" name="nousernameandincorrectpassword" time="7.567"/>
  <testcase classname="tests.LoginPractice1" name="incorrectusernameandnopassword" time="7.761"/>
</testsuite> <!-- Default test -->
