<?xml version="1.0" encoding="UTF-8"?>
<testng-results ignored="0" total="3" passed="3" failed="0" skipped="0">
  <reporter-output>
  </reporter-output>
  <suite started-at="2022-05-28T21:22:04 EDT" name="Default suite" finished-at="2022-05-28T21:23:21 EDT" duration-ms="76677">
    <groups>
    </groups>
    <test started-at="2022-05-28T21:22:04 EDT" name="Default test" finished-at="2022-05-28T21:23:21 EDT" duration-ms="76677">
      <class name="tests.LoginPractice1">
        <test-method is-config="true" signature="beforeMethod()[pri:0, instance:tests.LoginPractice1@4e3958e7]" started-at="2022-05-28T21:22:04 EDT" name="beforeMethod" finished-at="2022-05-28T21:22:18 EDT" duration-ms="13498" status="PASS">
          <reporter-output>
          </reporter-output>
        </test-method> <!-- beforeMethod -->
        <test-method signature="incorrectusernameandpassword()[pri:1, instance:tests.LoginPractice1@4e3958e7]" started-at="2022-05-28T21:22:18 EDT" name="incorrectusernameandpassword" finished-at="2022-05-28T21:22:29 EDT" duration-ms="11252" status="PASS">
          <reporter-output>
          </reporter-output>
        </test-method> <!-- incorrectusernameandpassword -->
        <test-method is-config="true" signature="afterMethod()[pri:0, instance:tests.LoginPractice1@4e3958e7]" started-at="2022-05-28T21:22:29 EDT" name="afterMethod" finished-at="2022-05-28T21:22:32 EDT" duration-ms="2405" status="PASS">
          <reporter-output>
          </reporter-output>
        </test-method> <!-- afterMethod -->
        <test-method is-config="true" signature="beforeMethod()[pri:0, instance:tests.LoginPractice1@4e3958e7]" started-at="2022-05-28T21:22:32 EDT" name="beforeMethod" finished-at="2022-05-28T21:22:44 EDT" duration-ms="12524" status="PASS">
          <reporter-output>
          </reporter-output>
        </test-method> <!-- beforeMethod -->
        <test-method signature="nousernameandincorrectpassword()[pri:2, instance:tests.LoginPractice1@4e3958e7]" started-at="2022-05-28T21:22:44 EDT" name="nousernameandincorrectpassword" finished-at="2022-05-28T21:22:52 EDT" duration-ms="7567" status="PASS">
          <reporter-output>
          </reporter-output>
        </test-method> <!-- nousernameandincorrectpassword -->
        <test-method is-config="true" signature="afterMethod()[pri:0, instance:tests.LoginPractice1@4e3958e7]" started-at="2022-05-28T21:22:52 EDT" name="afterMethod" finished-at="2022-05-28T21:22:54 EDT" duration-ms="2722" status="PASS">
          <reporter-output>
          </reporter-output>
        </test-method> <!-- afterMethod -->
        <test-method is-config="true" signature="beforeMethod()[pri:0, instance:tests.LoginPractice1@4e3958e7]" started-at="2022-05-28T21:22:54 EDT" name="beforeMethod" finished-at="2022-05-28T21:23:11 EDT" duration-ms="16868" status="PASS">
          <reporter-output>
          </reporter-output>
        </test-method> <!-- beforeMethod -->
        <test-method signature="incorrectusernameandnopassword()[pri:3, instance:tests.LoginPractice1@4e3958e7]" started-at="2022-05-28T21:23:11 EDT" name="incorrectusernameandnopassword" finished-at="2022-05-28T21:23:19 EDT" duration-ms="7761" status="PASS">
          <reporter-output>
          </reporter-output>
        </test-method> <!-- incorrectusernameandnopassword -->
        <test-method is-config="true" signature="afterMethod()[pri:0, instance:tests.LoginPractice1@4e3958e7]" started-at="2022-05-28T21:23:19 EDT" name="afterMethod" finished-at="2022-05-28T21:23:21 EDT" duration-ms="1998" status="PASS">
          <reporter-output>
          </reporter-output>
        </test-method> <!-- afterMethod -->
      </class> <!-- tests.LoginPractice1 -->
    </test> <!-- Default test -->
  </suite> <!-- Default suite -->
</testng-results>
